<?xml version="1.0" encoding="UTF-8"?>
<testng-results ignored="0" total="2" passed="2" failed="0" skipped="0">
  <reporter-output>
  </reporter-output>
  <suite started-at="2024-05-30T21:43:09 IST" name="TsetSuite" finished-at="2024-05-30T21:43:22 IST" duration-ms="13567">
    <groups>
    </groups>
    <test started-at="2024-05-30T21:43:09 IST" name="Testsample" finished-at="2024-05-30T21:43:22 IST" duration-ms="13567">
      <class name="traning.TestNGKT">
        <test-method is-config="true" signature="OpenBrowser(java.lang.String)[pri:0, instance:traning.TestNGKT@795cd85e]" started-at="2024-05-30T21:43:10 IST" name="OpenBrowser" finished-at="2024-05-30T21:43:11 IST" duration-ms="1432" status="PASS">
          <params>
            <param index="0">
              <value>
                <![CDATA[Chrome]]>
              </value>
            </param>
          </params>
          <reporter-output>
          </reporter-output>
        </test-method> <!-- OpenBrowser -->
        <test-method signature="UserRegistor(java.lang.String,java.lang.String,java.lang.String,java.lang.String)[pri:0, instance:traning.TestNGKT@795cd85e]" started-at="2024-05-30T21:43:11 IST" name="UserRegistor" data-provider="getdata" finished-at="2024-05-30T21:43:16 IST" duration-ms="4936" status="PASS">
          <params>
            <param index="0">
              <value>
                <![CDATA[Kolukondu]]>
              </value>
            </param>
            <param index="1">
              <value>
                <![CDATA[Mahehs]]>
              </value>
            </param>
            <param index="2">
              <value>
                <![CDATA[Kvm@gmail.com]]>
              </value>
            </param>
            <param index="3">
              <value>
                <![CDATA[Kvm@123]]>
              </value>
            </param>
          </params>
          <reporter-output>
          </reporter-output>
        </test-method> <!-- UserRegistor -->
        <test-method is-config="true" signature="CloseBrowser()[pri:0, instance:traning.TestNGKT@795cd85e]" started-at="2024-05-30T21:43:16 IST" name="CloseBrowser" finished-at="2024-05-30T21:43:16 IST" duration-ms="224" status="PASS">
          <reporter-output>
          </reporter-output>
        </test-method> <!-- CloseBrowser -->
        <test-method is-config="true" signature="OpenBrowser(java.lang.String)[pri:0, instance:traning.TestNGKT@795cd85e]" started-at="2024-05-30T21:43:16 IST" name="OpenBrowser" finished-at="2024-05-30T21:43:17 IST" duration-ms="764" status="PASS">
          <params>
            <param index="0">
              <value>
                <![CDATA[Chrome]]>
              </value>
            </param>
          </params>
          <reporter-output>
          </reporter-output>
        </test-method> <!-- OpenBrowser -->
        <test-method signature="UserRegistor(java.lang.String,java.lang.String,java.lang.String,java.lang.String)[pri:0, instance:traning.TestNGKT@795cd85e]" started-at="2024-05-30T21:43:17 IST" name="UserRegistor" data-provider="getdata" finished-at="2024-05-30T21:43:22 IST" duration-ms="5369" status="PASS">
          <params>
            <param index="0">
              <value>
                <![CDATA[Kolukondu]]>
              </value>
            </param>
            <param index="1">
              <value>
                <![CDATA[Bhavani]]>
              </value>
            </param>
            <param index="2">
              <value>
                <![CDATA[Bhavani@gmail.com]]>
              </value>
            </param>
            <param index="3">
              <value>
                <![CDATA[Bhavani@123]]>
              </value>
            </param>
          </params>
          <reporter-output>
          </reporter-output>
        </test-method> <!-- UserRegistor -->
        <test-method is-config="true" signature="CloseBrowser()[pri:0, instance:traning.TestNGKT@795cd85e]" started-at="2024-05-30T21:43:22 IST" name="CloseBrowser" finished-at="2024-05-30T21:43:22 IST" duration-ms="210" status="PASS">
          <reporter-output>
          </reporter-output>
        </test-method> <!-- CloseBrowser -->
      </class> <!-- traning.TestNGKT -->
    </test> <!-- Testsample -->
  </suite> <!-- TsetSuite -->
</testng-results>
