<?xml version="1.0" encoding="UTF-8"?>
<testng-results ignored="1" total="2" passed="1" failed="0" skipped="0">
  <reporter-output>
  </reporter-output>
  <suite started-at="2024-05-30T23:46:06 IST" name="TsetSuite" finished-at="2024-05-30T23:46:08 IST" duration-ms="1590">
    <groups>
    </groups>
    <test started-at="2024-05-30T23:46:06 IST" name="Testsample" finished-at="2024-05-30T23:46:08 IST" duration-ms="1590">
      <class name="traning.TestNGKT">
        <test-method is-config="true" signature="OpenBrowser(java.lang.String)[pri:0, instance:traning.TestNGKT@61862a7f]" started-at="2024-05-30T23:46:06 IST" name="OpenBrowser" finished-at="2024-05-30T23:46:07 IST" duration-ms="1371" status="PASS">
          <params>
            <param index="0">
              <value>
                <![CDATA[Chrome]]>
              </value>
            </param>
          </params>
          <reporter-output>
          </reporter-output>
        </test-method> <!-- OpenBrowser -->
        <test-method signature="JavaKT()[pri:0, instance:traning.TestNGKT@61862a7f]" started-at="2024-05-30T23:46:07 IST" name="JavaKT" finished-at="2024-05-30T23:46:07 IST" duration-ms="9" status="PASS">
          <reporter-output>
          </reporter-output>
        </test-method> <!-- JavaKT -->
        <test-method is-config="true" signature="CloseBrowser()[pri:0, instance:traning.TestNGKT@61862a7f]" started-at="2024-05-30T23:46:07 IST" name="CloseBrowser" finished-at="2024-05-30T23:46:08 IST" duration-ms="160" status="PASS">
          <reporter-output>
          </reporter-output>
        </test-method> <!-- CloseBrowser -->
      </class> <!-- traning.TestNGKT -->
    </test> <!-- Testsample -->
  </suite> <!-- TsetSuite -->
</testng-results>
